This is pdfTeX, Version 3.141592653-2.6-1.40.25 (TeX Live 2023) (preloaded format=pdflatex 2023.10.12)  25 OCT 2023 12:07
entering extended mode
 restricted \write18 enabled.
 file:line:error style messages enabled.
 %&-line parsing enabled.
**references.bib.tex
(./references.bib.tex
LaTeX2e <2022-11-01> patch level 1
L3 programming layer <2023-02-22>

./references.bib.tex:1: LaTeX Error: Missing \begin{document}.

See the LaTeX manual or LaTeX Companion for explanation.
Type  H <return>  for immediate help.
 ...                                              
                                                  
l.1 @
     article{kedzierska2023assessing,
? 
./references.bib.tex:1: Emergency stop.
 ...                                              
                                                  
l.1 @
     article{kedzierska2023assessing,
You're in trouble here.  Try typing  <return>  to proceed.
If that doesn't work, type  X <return>  to quit.

 
Here is how much of TeX's memory you used:
 17 strings out of 476025
 544 string characters out of 5790016
 1849388 words of memory out of 5000000
 20569 multiletter control sequences out of 15000+600000
 512287 words of font info for 32 fonts, out of 8000000 for 9000
 1141 hyphenation exceptions out of 8191
 13i,0n,12p,84b,14s stack positions out of 10000i,1000n,20000p,200000b,200000s
./references.bib.tex:1:  ==> Fatal error occurred, no output PDF file produced!

